<?xml version="1.0" encoding="UTF-8"?>
<!-- Generated by org.testng.reporters.JUnitReportReporter -->
<testsuite hostname="Cutie" failures="0" tests="2" name="Wipro.TestNG.labsession16august_Q1" time="0.008" errors="0" timestamp="2025-08-20T23:53:01 IST" skipped="0">
  <testcase classname="Wipro.TestNG.labsession16august_Q1" name="logoutTest" time="0.007"/>
  <testcase classname="Wipro.TestNG.labsession16august_Q1" name="paymentTest" time="0.001"/>
</testsuite> <!-- Wipro.TestNG.labsession16august_Q1 -->
